app/build/intermediates/manifest_merge_blame_file/debug/manifest-merger-blame-debug-report.txt
1<?xml version="1.0" encoding="utf-8"?>
2<manifest xmlns:android="http://schemas.android.com/apk/res/android"
3    package="com.example.mychatapp"
4    android:versionCode="1"
5    android:versionName="1.0" >
6
7    <uses-sdk
8        android:minSdkVersion="21"
8-->src\main\AndroidManifest.xml
9        android:targetSdkVersion="32" />
9-->src\main\AndroidManifest.xml
10
11    <uses-feature
11-->src\main\AndroidManifest.xml:5:5-7:36
12        android:name="android.hardware.camera"
12-->src\main\AndroidManifest.xml:6:9-47
13        android:required="false" />
13-->src\main\AndroidManifest.xml:7:9-33
14
15    <uses-permission android:name="android.permission.INTERNET" />
15-->src\main\AndroidManifest.xml:9:5-67
15-->src\main\AndroidManifest.xml:9:22-64
16    <uses-permission android:name="android.permission.POST_NOTIFICATIONS" />
16-->src\main\AndroidManifest.xml:10:5-76
16-->src\main\AndroidManifest.xml:10:22-74
17    <uses-permission android:name="android.permission.READ_EXTERNAL_STORAGE" />
17-->src\main\AndroidManifest.xml:11:5-79
17-->src\main\AndroidManifest.xml:11:22-77
18    <uses-permission android:name="android.permission.CAMERA" />
18-->src\main\AndroidManifest.xml:12:5-64
18-->src\main\AndroidManifest.xml:12:22-62
19    <uses-permission android:name="android.permission.ACCESS_NETWORK_STATE" />
19-->[com.google.firebase:firebase-messaging:23.0.4] AndroidManifest.xml:25:5-79
19-->[com.google.firebase:firebase-messaging:23.0.4] AndroidManifest.xml:25:22-76
20    <uses-permission android:name="android.permission.WAKE_LOCK" /> <!-- Required by older versions of Google Play services to create IID tokens -->
20-->[com.google.firebase:firebase-messaging:23.0.4] AndroidManifest.xml:26:5-68
20-->[com.google.firebase:firebase-messaging:23.0.4] AndroidManifest.xml:26:22-65
21    <uses-permission android:name="com.google.android.c2dm.permission.RECEIVE" />
21-->[com.google.firebase:firebase-messaging:23.0.4] AndroidManifest.xml:28:5-82
21-->[com.google.firebase:firebase-messaging:23.0.4] AndroidManifest.xml:28:22-79
22
23    <application
23-->src\main\AndroidManifest.xml:14:5-53:19
24        android:allowBackup="true"
24-->src\main\AndroidManifest.xml:15:9-35
25        android:appComponentFactory="androidx.core.app.CoreComponentFactory"
25-->[androidx.core:core:1.7.0] AndroidManifest.xml:24:18-86
26        android:debuggable="true"
27        android:icon="@mipmap/ic_launcher"
27-->src\main\AndroidManifest.xml:16:9-43
28        android:label="@string/app_name"
28-->src\main\AndroidManifest.xml:17:9-41
29        android:roundIcon="@mipmap/ic_launcher_round"
29-->src\main\AndroidManifest.xml:18:9-54
30        android:supportsRtl="true"
30-->src\main\AndroidManifest.xml:19:9-35
31        android:testOnly="true"
32        android:theme="@style/Theme.chatapp" >
32-->src\main\AndroidManifest.xml:20:9-45
33        <activity
33-->src\main\AndroidManifest.xml:21:9-24:40
34            android:name="com.example.mychatapp.activities.ChatActivity"
34-->src\main\AndroidManifest.xml:22:13-73
35            android:exported="false"
35-->src\main\AndroidManifest.xml:24:13-37
36            android:windowSoftInputMode="adjustResize" />
36-->src\main\AndroidManifest.xml:23:13-55
37        <activity
37-->src\main\AndroidManifest.xml:25:9-27:40
38            android:name="com.example.mychatapp.activities.UsersActivity"
38-->src\main\AndroidManifest.xml:26:13-74
39            android:exported="false" />
39-->src\main\AndroidManifest.xml:27:13-37
40        <activity
40-->src\main\AndroidManifest.xml:28:9-31:58
41            android:name="com.example.mychatapp.activities.SingUpActivity"
41-->src\main\AndroidManifest.xml:29:13-75
42            android:exported="true"
42-->src\main\AndroidManifest.xml:30:13-36
43            android:windowSoftInputMode="adjustResize" />
43-->src\main\AndroidManifest.xml:31:13-55
44        <activity
44-->src\main\AndroidManifest.xml:32:9-41:20
45            android:name="com.example.mychatapp.activities.SignInActivity"
45-->src\main\AndroidManifest.xml:33:13-75
46            android:exported="true"
46-->src\main\AndroidManifest.xml:34:13-36
47            android:windowSoftInputMode="adjustResize" >
47-->src\main\AndroidManifest.xml:35:13-55
48            <intent-filter>
48-->src\main\AndroidManifest.xml:36:13-40:29
49                <action android:name="android.intent.action.MAIN" />
49-->src\main\AndroidManifest.xml:37:17-69
49-->src\main\AndroidManifest.xml:37:25-66
50
51                <category android:name="android.intent.category.LAUNCHER" />
51-->src\main\AndroidManifest.xml:39:17-77
51-->src\main\AndroidManifest.xml:39:27-74
52            </intent-filter>
53        </activity>
54        <activity
54-->src\main\AndroidManifest.xml:42:9-44:39
55            android:name="com.example.mychatapp.activities.MainActivity"
55-->src\main\AndroidManifest.xml:43:13-73
56            android:exported="true" />
56-->src\main\AndroidManifest.xml:44:13-36
57
58        <service
58-->src\main\AndroidManifest.xml:46:9-52:19
59            android:name="com.example.mychatapp.firebase.MessagingService"
59-->src\main\AndroidManifest.xml:47:13-75
60            android:exported="false" >
60-->src\main\AndroidManifest.xml:48:13-37
61            <intent-filter>
61-->src\main\AndroidManifest.xml:49:13-51:29
62                <action android:name="com.google.firebase.MESSAGING_EVENT" />
62-->src\main\AndroidManifest.xml:50:17-78
62-->src\main\AndroidManifest.xml:50:25-75
63            </intent-filter>
64        </service>
65
66        <receiver
66-->[com.google.firebase:firebase-messaging:23.0.4] AndroidManifest.xml:31:9-38:20
67            android:name="com.google.firebase.iid.FirebaseInstanceIdReceiver"
67-->[com.google.firebase:firebase-messaging:23.0.4] AndroidManifest.xml:32:13-78
68            android:exported="true"
68-->[com.google.firebase:firebase-messaging:23.0.4] AndroidManifest.xml:33:13-36
69            android:permission="com.google.android.c2dm.permission.SEND" >
69-->[com.google.firebase:firebase-messaging:23.0.4] AndroidManifest.xml:34:13-73
70            <intent-filter>
70-->[com.google.firebase:firebase-messaging:23.0.4] AndroidManifest.xml:35:13-37:29
71                <action android:name="com.google.android.c2dm.intent.RECEIVE" />
71-->[com.google.firebase:firebase-messaging:23.0.4] AndroidManifest.xml:36:17-81
71-->[com.google.firebase:firebase-messaging:23.0.4] AndroidManifest.xml:36:25-78
72            </intent-filter>
73        </receiver>
74        <!--
75             FirebaseMessagingService performs security checks at runtime,
76             but set to not exported to explicitly avoid allowing another app to call it.
77        -->
78        <service
78-->[com.google.firebase:firebase-messaging:23.0.4] AndroidManifest.xml:44:9-51:19
79            android:name="com.google.firebase.messaging.FirebaseMessagingService"
79-->[com.google.firebase:firebase-messaging:23.0.4] AndroidManifest.xml:45:13-82
80            android:directBootAware="true"
80-->[com.google.firebase:firebase-messaging:23.0.4] AndroidManifest.xml:46:13-43
81            android:exported="false" >
81-->[com.google.firebase:firebase-messaging:23.0.4] AndroidManifest.xml:47:13-37
82            <intent-filter android:priority="-500" >
82-->src\main\AndroidManifest.xml:49:13-51:29
83                <action android:name="com.google.firebase.MESSAGING_EVENT" />
83-->src\main\AndroidManifest.xml:50:17-78
83-->src\main\AndroidManifest.xml:50:25-75
84            </intent-filter>
85        </service>
86        <service
86-->[com.google.firebase:firebase-messaging:23.0.4] AndroidManifest.xml:52:9-58:19
87            android:name="com.google.firebase.components.ComponentDiscoveryService"
87-->[com.google.firebase:firebase-messaging:23.0.4] AndroidManifest.xml:53:13-84
88            android:directBootAware="true"
88-->[com.google.firebase:firebase-common:20.1.1] AndroidManifest.xml:35:13-43
89            android:exported="false" >
89-->[com.google.firebase:firebase-messaging:23.0.4] AndroidManifest.xml:54:13-37
90            <meta-data
90-->[com.google.firebase:firebase-messaging:23.0.4] AndroidManifest.xml:55:13-57:85
91                android:name="com.google.firebase.components:com.google.firebase.messaging.FirebaseMessagingRegistrar"
91-->[com.google.firebase:firebase-messaging:23.0.4] AndroidManifest.xml:56:17-119
92                android:value="com.google.firebase.components.ComponentRegistrar" />
92-->[com.google.firebase:firebase-messaging:23.0.4] AndroidManifest.xml:57:17-82
93            <meta-data
93-->[com.google.firebase:firebase-firestore:24.1.2] AndroidManifest.xml:20:13-22:85
94                android:name="com.google.firebase.components:com.google.firebase.firestore.FirestoreRegistrar"
94-->[com.google.firebase:firebase-firestore:24.1.2] AndroidManifest.xml:21:17-111
95                android:value="com.google.firebase.components.ComponentRegistrar" />
95-->[com.google.firebase:firebase-firestore:24.1.2] AndroidManifest.xml:22:17-82
96            <meta-data
96-->[com.google.firebase:firebase-datatransport:18.1.3] AndroidManifest.xml:28:13-30:85
97                android:name="com.google.firebase.components:com.google.firebase.datatransport.TransportRegistrar"
97-->[com.google.firebase:firebase-datatransport:18.1.3] AndroidManifest.xml:29:17-115
98                android:value="com.google.firebase.components.ComponentRegistrar" />
98-->[com.google.firebase:firebase-datatransport:18.1.3] AndroidManifest.xml:30:17-82
99            <meta-data
99-->[com.google.firebase:firebase-installations:17.0.1] AndroidManifest.xml:18:13-20:85
100                android:name="com.google.firebase.components:com.google.firebase.installations.FirebaseInstallationsRegistrar"
100-->[com.google.firebase:firebase-installations:17.0.1] AndroidManifest.xml:19:17-127
101                android:value="com.google.firebase.components.ComponentRegistrar" />
101-->[com.google.firebase:firebase-installations:17.0.1] AndroidManifest.xml:20:17-82
102        </service>
103
104        <activity
104-->[com.google.android.gms:play-services-base:18.0.1] AndroidManifest.xml:20:9-22:45
105            android:name="com.google.android.gms.common.api.GoogleApiActivity"
105-->[com.google.android.gms:play-services-base:18.0.1] AndroidManifest.xml:20:19-85
106            android:exported="false"
106-->[com.google.android.gms:play-services-base:18.0.1] AndroidManifest.xml:22:19-43
107            android:theme="@android:style/Theme.Translucent.NoTitleBar" />
107-->[com.google.android.gms:play-services-base:18.0.1] AndroidManifest.xml:21:19-78
108
109        <provider
109-->[com.google.firebase:firebase-common:20.1.1] AndroidManifest.xml:26:9-31:39
110            android:name="com.google.firebase.provider.FirebaseInitProvider"
110-->[com.google.firebase:firebase-common:20.1.1] AndroidManifest.xml:27:13-77
111            android:authorities="com.example.mychatapp.firebaseinitprovider"
111-->[com.google.firebase:firebase-common:20.1.1] AndroidManifest.xml:28:13-72
112            android:directBootAware="true"
112-->[com.google.firebase:firebase-common:20.1.1] AndroidManifest.xml:29:13-43
113            android:exported="false"
113-->[com.google.firebase:firebase-common:20.1.1] AndroidManifest.xml:30:13-37
114            android:initOrder="100" />
114-->[com.google.firebase:firebase-common:20.1.1] AndroidManifest.xml:31:13-36
115
116        <meta-data
116-->[com.google.android.gms:play-services-basement:18.0.0] AndroidManifest.xml:21:9-23:69
117            android:name="com.google.android.gms.version"
117-->[com.google.android.gms:play-services-basement:18.0.0] AndroidManifest.xml:22:13-58
118            android:value="@integer/google_play_services_version" />
118-->[com.google.android.gms:play-services-basement:18.0.0] AndroidManifest.xml:23:13-66
119
120        <provider
120-->[androidx.emoji2:emoji2:1.0.0] AndroidManifest.xml:26:9-34:20
121            android:name="androidx.startup.InitializationProvider"
121-->[androidx.emoji2:emoji2:1.0.0] AndroidManifest.xml:27:13-67
122            android:authorities="com.example.mychatapp.androidx-startup"
122-->[androidx.emoji2:emoji2:1.0.0] AndroidManifest.xml:28:13-68
123            android:exported="false" >
123-->[androidx.emoji2:emoji2:1.0.0] AndroidManifest.xml:29:13-37
124            <meta-data
124-->[androidx.emoji2:emoji2:1.0.0] AndroidManifest.xml:31:13-33:52
125                android:name="androidx.emoji2.text.EmojiCompatInitializer"
125-->[androidx.emoji2:emoji2:1.0.0] AndroidManifest.xml:32:17-75
126                android:value="androidx.startup" />
126-->[androidx.emoji2:emoji2:1.0.0] AndroidManifest.xml:33:17-49
127            <meta-data
127-->[androidx.lifecycle:lifecycle-process:2.4.0] AndroidManifest.xml:31:13-33:52
128                android:name="androidx.lifecycle.ProcessLifecycleInitializer"
128-->[androidx.lifecycle:lifecycle-process:2.4.0] AndroidManifest.xml:32:17-78
129                android:value="androidx.startup" />
129-->[androidx.lifecycle:lifecycle-process:2.4.0] AndroidManifest.xml:33:17-49
130        </provider>
131
132        <service
132-->[com.google.android.datatransport:transport-backend-cct:3.1.4] AndroidManifest.xml:29:9-35:19
133            android:name="com.google.android.datatransport.runtime.backends.TransportBackendDiscovery"
133-->[com.google.android.datatransport:transport-backend-cct:3.1.4] AndroidManifest.xml:30:13-103
134            android:exported="false" >
134-->[com.google.android.datatransport:transport-backend-cct:3.1.4] AndroidManifest.xml:31:13-37
135            <meta-data
135-->[com.google.android.datatransport:transport-backend-cct:3.1.4] AndroidManifest.xml:32:13-34:39
136                android:name="backend:com.google.android.datatransport.cct.CctBackendFactory"
136-->[com.google.android.datatransport:transport-backend-cct:3.1.4] AndroidManifest.xml:33:17-94
137                android:value="cct" />
137-->[com.google.android.datatransport:transport-backend-cct:3.1.4] AndroidManifest.xml:34:17-36
138        </service>
139        <service
139-->[com.google.android.datatransport:transport-runtime:3.1.4] AndroidManifest.xml:26:9-30:19
140            android:name="com.google.android.datatransport.runtime.scheduling.jobscheduling.JobInfoSchedulerService"
140-->[com.google.android.datatransport:transport-runtime:3.1.4] AndroidManifest.xml:27:13-117
141            android:exported="false"
141-->[com.google.android.datatransport:transport-runtime:3.1.4] AndroidManifest.xml:28:13-37
142            android:permission="android.permission.BIND_JOB_SERVICE" >
142-->[com.google.android.datatransport:transport-runtime:3.1.4] AndroidManifest.xml:29:13-69
143        </service>
144
145        <receiver
145-->[com.google.android.datatransport:transport-runtime:3.1.4] AndroidManifest.xml:32:9-34:40
146            android:name="com.google.android.datatransport.runtime.scheduling.jobscheduling.AlarmManagerSchedulerBroadcastReceiver"
146-->[com.google.android.datatransport:transport-runtime:3.1.4] AndroidManifest.xml:33:13-132
147            android:exported="false" />
147-->[com.google.android.datatransport:transport-runtime:3.1.4] AndroidManifest.xml:34:13-37
148    </application>
149
150</manifest>